<?xml version="1.0" encoding="UTF-8"?>
<!-- Generated by org.testng.reporters.JUnitXMLReporter -->
<testsuite hostname="L-TEC-ERP-075" ignored="1" name="TestCases_UserManagement" tests="3" failures="1" timestamp="10 Jan 2023 04:45:44 GMT" time="211.101" errors="0">
  <testcase name="createComMakerCheckerUserSuccess" time="39.615" classname="CorpNetApp.pom.test.testOperation.TestCases_UserManagement.TC_CreateCompanyMakerCheckerUserByOPS_Maker"/>
  <testcase name="createComMakerCheckerUserSuccess" time="6.29" classname="CorpNetApp.pom.test.testOperation.TestCases_UserManagement.TC_CreateCompanyApproverUserByOPS_Maker">
    <failure type="org.openqa.selenium.NoSuchElementException" message="Cannot locate option with index: 2
For documentation on this error, please visit: https://selenium.dev/exceptions/#no_such_element
Build info: version: &amp;apos;4.7.1&amp;apos;, revision: &amp;apos;c6795baf1a3&amp;apos;
System info: os.name: &amp;apos;Windows 10&amp;apos;, os.arch: &amp;apos;amd64&amp;apos;, os.version: &amp;apos;10.0&amp;apos;, java.version: &amp;apos;1.8.0_351&amp;apos;
Driver info: driver.version: unknown">
      <![CDATA[org.openqa.selenium.NoSuchElementException: Cannot locate option with index: 2
For documentation on this error, please visit: https://selenium.dev/exceptions/#no_such_element
Build info: version: '4.7.1', revision: 'c6795baf1a3'
System info: os.name: 'Windows 10', os.arch: 'amd64', os.version: '10.0', java.version: '1.8.0_351'
Driver info: driver.version: unknown
	at org.openqa.selenium.support.ui.Select.setSelectedByIndex(Select.java:305)
	at org.openqa.selenium.support.ui.Select.selectByIndex(Select.java:179)
	at CorpNetApp.pom.page.operation_Maker_MenuPages.CreateUserByMaker.selectSignatory(CreateUserByMaker.java:209)
	at CorpNetApp.pom.test.testOperation.TestCases_UserManagement.TC_CreateCompanyApproverUserByOPS_Maker.createComMakerCheckerUserSuccess(TC_CreateCompanyApproverUserByOPS_Maker.java:30)
	at sun.reflect.NativeMethodAccessorImpl.invoke0(Native Method)
	at sun.reflect.NativeMethodAccessorImpl.invoke(NativeMethodAccessorImpl.java:62)
	at sun.reflect.DelegatingMethodAccessorImpl.invoke(DelegatingMethodAccessorImpl.java:43)
	at java.lang.reflect.Method.invoke(Method.java:498)
	at org.testng.internal.MethodInvocationHelper.invokeMethod(MethodInvocationHelper.java:108)
	at org.testng.internal.Invoker.invokeMethod(Invoker.java:661)
	at org.testng.internal.Invoker.invokeTestMethod(Invoker.java:869)
	at org.testng.internal.Invoker.invokeTestMethods(Invoker.java:1193)
	at org.testng.internal.TestMethodWorker.invokeTestMethods(TestMethodWorker.java:126)
	at org.testng.internal.TestMethodWorker.run(TestMethodWorker.java:109)
	at org.testng.TestRunner.privateRun(TestRunner.java:744)
	at org.testng.TestRunner.run(TestRunner.java:602)
	at org.testng.SuiteRunner.runTest(SuiteRunner.java:380)
	at org.testng.SuiteRunner.runSequentially(SuiteRunner.java:375)
	at org.testng.SuiteRunner.privateRun(SuiteRunner.java:340)
	at org.testng.SuiteRunner.run(SuiteRunner.java:289)
	at org.testng.SuiteRunnerWorker.runSuite(SuiteRunnerWorker.java:52)
	at org.testng.SuiteRunnerWorker.run(SuiteRunnerWorker.java:86)
	at org.testng.TestNG.runSuitesSequentially(TestNG.java:1301)
	at org.testng.TestNG.runSuitesSequentially(TestNG.java:1297)
	at org.testng.TestNG.runSuitesLocally(TestNG.java:1226)
	at org.testng.TestNG.runSuites(TestNG.java:1144)
	at org.testng.TestNG.run(TestNG.java:1115)
	at com.intellij.rt.testng.IDEARemoteTestNG.run(IDEARemoteTestNG.java:66)
	at com.intellij.rt.testng.RemoteTestNGStarter.main(RemoteTestNGStarter.java:109)
]]>
    </failure>
  </testcase> <!-- createComMakerCheckerUserSuccess -->
  <testcase name="ApproveMakerUserSuccess" time="20.031" classname="CorpNetApp.pom.test.testOperation.TestCases_UserManagement.TC_AuthorizedComTransactionMakerCheckerUserByOps_Checker"/>
  <testcase name="ApproveCheckerUserSuccess" time="0.0" classname="CorpNetApp.pom.test.testOperation.TestCases_UserManagement.TC_AuthorizedComTransactionMakerCheckerUserByOps_Checker">
    <ignored/>
  </testcase> <!-- ApproveCheckerUserSuccess -->
</testsuite> <!-- TestCases_UserManagement -->
