<?xml version="1.0" encoding="UTF-8"?>
<!-- Generated by org.testng.reporters.JUnitXMLReporter -->
<testsuite hostname="L-TEC-ERP-075" ignored="1" name="Create new Company And Approve" tests="5" failures="0" timestamp="10 Jan 2023 05:57:11 GMT" time="304.833" errors="0">
  <testcase name="@AfterMethod TearDown" time="2.459" classname="CorpNetApp.pom.test.testOperation.TestCases_CompanyManagement.TestCase_MemberSetupAndSignatorySetup.TC_ApproveCompanyMember">
    <failure type="org.openqa.selenium.remote.http.ConnectionFailedException" message="Unable to establish websocket connection to http://127.0.0.1:41891/devtools/browser/153ac77d-4c94-4aa6-81f3-bd8f0a775c84
Build info: version: &amp;apos;4.7.1&amp;apos;, revision: &amp;apos;c6795baf1a3&amp;apos;
System info: os.name: &amp;apos;Windows 10&amp;apos;, os.arch: &amp;apos;amd64&amp;apos;, os.version: &amp;apos;10.0&amp;apos;, java.version: &amp;apos;1.8.0_351&amp;apos;
Driver info: driver.version: FirefoxDriver">
      <![CDATA[org.openqa.selenium.remote.http.ConnectionFailedException: Unable to establish websocket connection to http://127.0.0.1:41891/devtools/browser/153ac77d-4c94-4aa6-81f3-bd8f0a775c84
Build info: version: '4.7.1', revision: 'c6795baf1a3'
System info: os.name: 'Windows 10', os.arch: 'amd64', os.version: '10.0', java.version: '1.8.0_351'
Driver info: driver.version: FirefoxDriver
	at org.openqa.selenium.remote.http.netty.NettyWebSocket.<init>(NettyWebSocket.java:102)
	at org.openqa.selenium.remote.http.netty.NettyWebSocket.lambda$create$3(NettyWebSocket.java:128)
	at org.openqa.selenium.remote.http.netty.NettyClient.openSocket(NettyClient.java:107)
	at org.openqa.selenium.devtools.Connection.<init>(Connection.java:78)
	at org.openqa.selenium.firefox.FirefoxDriver.maybeGetDevTools(FirefoxDriver.java:250)
	at org.openqa.selenium.remote.RemoteWebDriver.quit(RemoteWebDriver.java:446)
	at org.openqa.selenium.firefox.FirefoxDriver.quit(FirefoxDriver.java:307)
	at CorpNetApp.pom.test.testOperation.TestCases_CompanyManagement.TestCase_MemberSetupAndSignatorySetup.TC_ApproveCompanyMember.TearDown(TC_ApproveCompanyMember.java:50)
	at sun.reflect.NativeMethodAccessorImpl.invoke0(Native Method)
	at sun.reflect.NativeMethodAccessorImpl.invoke(NativeMethodAccessorImpl.java:62)
	at sun.reflect.DelegatingMethodAccessorImpl.invoke(DelegatingMethodAccessorImpl.java:43)
	at java.lang.reflect.Method.invoke(Method.java:498)
	at org.testng.internal.MethodInvocationHelper.invokeMethod(MethodInvocationHelper.java:108)
	at org.testng.internal.Invoker.invokeConfigurationMethod(Invoker.java:523)
	at org.testng.internal.Invoker.invokeConfigurations(Invoker.java:224)
	at org.testng.internal.Invoker.invokeMethod(Invoker.java:723)
	at org.testng.internal.Invoker.invokeTestMethod(Invoker.java:869)
	at org.testng.internal.Invoker.invokeTestMethods(Invoker.java:1193)
	at org.testng.internal.TestMethodWorker.invokeTestMethods(TestMethodWorker.java:126)
	at org.testng.internal.TestMethodWorker.run(TestMethodWorker.java:109)
	at org.testng.TestRunner.privateRun(TestRunner.java:744)
	at org.testng.TestRunner.run(TestRunner.java:602)
	at org.testng.SuiteRunner.runTest(SuiteRunner.java:380)
	at org.testng.SuiteRunner.runSequentially(SuiteRunner.java:375)
	at org.testng.SuiteRunner.privateRun(SuiteRunner.java:340)
	at org.testng.SuiteRunner.run(SuiteRunner.java:289)
	at org.testng.SuiteRunnerWorker.runSuite(SuiteRunnerWorker.java:52)
	at org.testng.SuiteRunnerWorker.run(SuiteRunnerWorker.java:86)
	at org.testng.TestNG.runSuitesSequentially(TestNG.java:1301)
	at org.testng.TestNG.runSuitesSequentially(TestNG.java:1297)
	at org.testng.TestNG.runSuitesLocally(TestNG.java:1226)
	at org.testng.TestNG.runSuites(TestNG.java:1144)
	at org.testng.TestNG.run(TestNG.java:1115)
	at com.intellij.rt.testng.IDEARemoteTestNG.run(IDEARemoteTestNG.java:66)
	at com.intellij.rt.testng.RemoteTestNGStarter.main(RemoteTestNGStarter.java:109)
]]>
    </failure>
  </testcase> <!-- @AfterMethod TearDown -->
  <testcase name="@BeforeMethod setUp" time="0.0" classname="CorpNetApp.pom.test.testOperation.TestCases_CompanyManagement.TestCase_MemberSetupAndSignatorySetup.TC_ApproveCompanyMember">
    <skipped/>
  </testcase> <!-- @BeforeMethod setUp -->
  <testcase name="CreateMemberSetupSuccess" time="30.349" classname="CorpNetApp.pom.test.testOperation.TestCases_CompanyManagement.TestCase_MemberSetupAndSignatorySetup.TC_CreateMemberWithAllValidDataForBoth"/>
  <testcase name="CreateMemberSetupGroupBSuccess" time="31.089" classname="CorpNetApp.pom.test.testOperation.TestCases_CompanyManagement.TestCase_MemberSetupAndSignatorySetup.TC_CreateMemberWithAllValidDataForBoth"/>
  <testcase name="approveComMemberApproveSuccess" time="41.571" classname="CorpNetApp.pom.test.testOperation.TestCases_CompanyManagement.TestCase_MemberSetupAndSignatorySetup.TC_ApproveCompanyMember"/>
  <testcase name="approveGroup_B_ComMemberApproveSuccess" time="0.0" classname="CorpNetApp.pom.test.testOperation.TestCases_CompanyManagement.TestCase_MemberSetupAndSignatorySetup.TC_ApproveCompanyMember">
    <skipped/>
  </testcase> <!-- approveGroup_B_ComMemberApproveSuccess -->
  <testcase name="approveComMemberForPayrollSuccess" time="8.523" classname="CorpNetApp.pom.test.testOperation.TestCases_CompanyManagement.TestCase_MemberSetupAndSignatorySetup.TC_ApproveCompanyMemberForPayroll"/>
  <testcase name="approveCom2nMemberForPayrollSuccess" time="0.0" classname="CorpNetApp.pom.test.testOperation.TestCases_CompanyManagement.TestCase_MemberSetupAndSignatorySetup.TC_ApproveCompanyMemberForPayroll">
    <ignored/>
  </testcase> <!-- approveCom2nMemberForPayrollSuccess -->
</testsuite> <!-- Create new Company And Approve -->
